C:\Program Files (x86)\Microsoft Visual Studio\2017\Community\Common7\IDE\VC\VCTargets\Microsoft.CppBuild.targets(391,5): warning MSB8028: The intermediate directory (Debug\) contains files shared from another project (2D Game Engine.vcxproj).  This can lead to incorrect clean and rebuild behavior.
  Block.cpp
c:\users\austi\onedrive\documents\sdl projects\2d game engine\game\c-game\2d game engine\2d game engine\camera.h(31): warning C4091: 'static ': ignored on left of 'Camera::Mode' when no variable is declared
c:\users\austi\onedrive\documents\sdl projects\2d game engine\game\c-game\2d game engine\2d game engine\block.cpp(16): warning C4244: '=': conversion from 'float' to 'int', possible loss of data
c:\users\austi\onedrive\documents\sdl projects\2d game engine\game\c-game\2d game engine\2d game engine\block.cpp(17): warning C4244: '=': conversion from 'float' to 'int', possible loss of data
c:\users\austi\onedrive\documents\sdl projects\2d game engine\game\c-game\2d game engine\2d game engine\block.cpp(29): warning C4244: '=': conversion from 'float' to 'int', possible loss of data
c:\users\austi\onedrive\documents\sdl projects\2d game engine\game\c-game\2d game engine\2d game engine\block.cpp(30): warning C4244: '=': conversion from 'float' to 'int', possible loss of data
c:\users\austi\onedrive\documents\sdl projects\2d game engine\game\c-game\2d game engine\2d game engine\block.cpp(35): warning C4244: '+=': conversion from 'float' to 'int', possible loss of data
c:\users\austi\onedrive\documents\sdl projects\2d game engine\game\c-game\2d game engine\2d game engine\block.cpp(39): warning C4244: '-=': conversion from 'float' to 'int', possible loss of data
c:\users\austi\onedrive\documents\sdl projects\2d game engine\game\c-game\2d game engine\2d game engine\block.cpp(43): warning C4244: '+=': conversion from 'float' to 'int', possible loss of data
  Box.cpp
c:\users\austi\onedrive\documents\sdl projects\2d game engine\game\c-game\2d game engine\2d game engine\camera.h(31): warning C4091: 'static ': ignored on left of 'Camera::Mode' when no variable is declared
  Button.cpp
c:\users\austi\onedrive\documents\sdl projects\2d game engine\game\c-game\2d game engine\2d game engine\camera.h(31): warning C4091: 'static ': ignored on left of 'Camera::Mode' when no variable is declared
c:\users\austi\onedrive\documents\sdl projects\2d game engine\game\c-game\2d game engine\2d game engine\button.cpp(12): warning C4244: '=': conversion from 'float' to 'int', possible loss of data
c:\users\austi\onedrive\documents\sdl projects\2d game engine\game\c-game\2d game engine\2d game engine\button.cpp(13): warning C4244: '=': conversion from 'float' to 'int', possible loss of data
c:\users\austi\onedrive\documents\sdl projects\2d game engine\game\c-game\2d game engine\2d game engine\button.cpp(15): warning C4244: '=': conversion from 'float' to 'int', possible loss of data
c:\users\austi\onedrive\documents\sdl projects\2d game engine\game\c-game\2d game engine\2d game engine\button.cpp(16): warning C4244: '=': conversion from 'float' to 'int', possible loss of data
c:\users\austi\onedrive\documents\sdl projects\2d game engine\game\c-game\2d game engine\2d game engine\button.cpp(17): warning C4244: '=': conversion from 'float' to 'int', possible loss of data
c:\users\austi\onedrive\documents\sdl projects\2d game engine\game\c-game\2d game engine\2d game engine\button.cpp(18): warning C4244: '=': conversion from 'float' to 'int', possible loss of data
c:\users\austi\onedrive\documents\sdl projects\2d game engine\game\c-game\2d game engine\2d game engine\button.cpp(29): warning C4244: '=': conversion from 'float' to 'int', possible loss of data
c:\users\austi\onedrive\documents\sdl projects\2d game engine\game\c-game\2d game engine\2d game engine\button.cpp(30): warning C4244: '=': conversion from 'float' to 'int', possible loss of data
c:\users\austi\onedrive\documents\sdl projects\2d game engine\game\c-game\2d game engine\2d game engine\button.cpp(67): warning C4244: '=': conversion from 'float' to 'int', possible loss of data
c:\users\austi\onedrive\documents\sdl projects\2d game engine\game\c-game\2d game engine\2d game engine\button.cpp(68): warning C4244: '=': conversion from 'float' to 'int', possible loss of data
  Camera.cpp
c:\users\austi\onedrive\documents\sdl projects\2d game engine\game\c-game\2d game engine\2d game engine\camera.h(31): warning C4091: 'static ': ignored on left of 'Camera::Mode' when no variable is declared
c:\users\austi\onedrive\documents\sdl projects\2d game engine\game\c-game\2d game engine\2d game engine\camera.cpp(94): warning C4244: 'initializing': conversion from 'float' to 'int', possible loss of data
c:\users\austi\onedrive\documents\sdl projects\2d game engine\game\c-game\2d game engine\2d game engine\camera.cpp(95): warning C4244: 'initializing': conversion from 'float' to 'int', possible loss of data
c:\users\austi\onedrive\documents\sdl projects\2d game engine\game\c-game\2d game engine\2d game engine\camera.cpp(100): warning C4244: '=': conversion from 'int' to 'float', possible loss of data
c:\users\austi\onedrive\documents\sdl projects\2d game engine\game\c-game\2d game engine\2d game engine\camera.cpp(101): warning C4244: '=': conversion from 'int' to 'float', possible loss of data
  CursedCandle.cpp
c:\users\austi\onedrive\documents\sdl projects\2d game engine\game\c-game\2d game engine\2d game engine\camera.h(31): warning C4091: 'static ': ignored on left of 'Camera::Mode' when no variable is declared
  CursedFire.cpp
c:\users\austi\onedrive\documents\sdl projects\2d game engine\game\c-game\2d game engine\2d game engine\camera.h(31): warning C4091: 'static ': ignored on left of 'Camera::Mode' when no variable is declared
c:\users\austi\onedrive\documents\sdl projects\2d game engine\game\c-game\2d game engine\2d game engine\cursedfire.cpp(11): warning C4244: '=': conversion from 'int' to 'float', possible loss of data
  CursedFireball.cpp
c:\users\austi\onedrive\documents\sdl projects\2d game engine\game\c-game\2d game engine\2d game engine\camera.h(31): warning C4091: 'static ': ignored on left of 'Camera::Mode' when no variable is declared
  Debris.cpp
c:\users\austi\onedrive\documents\sdl projects\2d game engine\game\c-game\2d game engine\2d game engine\camera.h(31): warning C4091: 'static ': ignored on left of 'Camera::Mode' when no variable is declared
c:\users\austi\onedrive\documents\sdl projects\2d game engine\game\c-game\2d game engine\2d game engine\debris.cpp(4): warning C4244: 'argument': conversion from 'int' to 'float', possible loss of data
c:\users\austi\onedrive\documents\sdl projects\2d game engine\game\c-game\2d game engine\2d game engine\debris.cpp(6): warning C4244: '=': conversion from 'int' to 'float', possible loss of data
c:\users\austi\onedrive\documents\sdl projects\2d game engine\game\c-game\2d game engine\2d game engine\debris.cpp(7): warning C4244: '=': conversion from 'int' to 'float', possible loss of data
c:\users\austi\onedrive\documents\sdl projects\2d game engine\game\c-game\2d game engine\2d game engine\debris.cpp(14): warning C4244: 'argument': conversion from 'int' to 'float', possible loss of data
c:\users\austi\onedrive\documents\sdl projects\2d game engine\game\c-game\2d game engine\2d game engine\debris.cpp(29): warning C4018: '<': signed/unsigned mismatch
c:\users\austi\onedrive\documents\sdl projects\2d game engine\game\c-game\2d game engine\2d game engine\debris.cpp(42): warning C4244: '=': conversion from 'float' to 'int', possible loss of data
c:\users\austi\onedrive\documents\sdl projects\2d game engine\game\c-game\2d game engine\2d game engine\debris.cpp(43): warning C4244: '=': conversion from 'float' to 'int', possible loss of data
c:\users\austi\onedrive\documents\sdl projects\2d game engine\game\c-game\2d game engine\2d game engine\debris.cpp(44): warning C4244: '=': conversion from 'float' to 'int', possible loss of data
c:\users\austi\onedrive\documents\sdl projects\2d game engine\game\c-game\2d game engine\2d game engine\debris.cpp(45): warning C4244: '=': conversion from 'float' to 'int', possible loss of data
  DemonAlter.cpp
c:\users\austi\onedrive\documents\sdl projects\2d game engine\game\c-game\2d game engine\2d game engine\camera.h(31): warning C4091: 'static ': ignored on left of 'Camera::Mode' when no variable is declared
  Door.cpp
c:\users\austi\onedrive\documents\sdl projects\2d game engine\game\c-game\2d game engine\2d game engine\camera.h(31): warning C4091: 'static ': ignored on left of 'Camera::Mode' when no variable is declared
c:\users\austi\onedrive\documents\sdl projects\2d game engine\game\c-game\2d game engine\2d game engine\door.cpp(61): warning C4244: '=': conversion from 'float' to 'int', possible loss of data
  Ember.cpp
c:\users\austi\onedrive\documents\sdl projects\2d game engine\game\c-game\2d game engine\2d game engine\camera.h(31): warning C4091: 'static ': ignored on left of 'Camera::Mode' when no variable is declared
c:\users\austi\onedrive\documents\sdl projects\2d game engine\game\c-game\2d game engine\2d game engine\ember.cpp(27): warning C4244: 'argument': conversion from 'int' to 'float', possible loss of data
  ExitButton.cpp
c:\users\austi\onedrive\documents\sdl projects\2d game engine\game\c-game\2d game engine\2d game engine\camera.h(31): warning C4091: 'static ': ignored on left of 'Camera::Mode' when no variable is declared
  Fire.cpp
c:\users\austi\onedrive\documents\sdl projects\2d game engine\game\c-game\2d game engine\2d game engine\camera.h(31): warning C4091: 'static ': ignored on left of 'Camera::Mode' when no variable is declared
c:\users\austi\onedrive\documents\sdl projects\2d game engine\game\c-game\2d game engine\2d game engine\fire.cpp(11): warning C4244: '=': conversion from 'int' to 'float', possible loss of data
  Fireball.cpp
c:\users\austi\onedrive\documents\sdl projects\2d game engine\game\c-game\2d game engine\2d game engine\camera.h(31): warning C4091: 'static ': ignored on left of 'Camera::Mode' when no variable is declared
c:\users\austi\onedrive\documents\sdl projects\2d game engine\game\c-game\2d game engine\2d game engine\fireball.cpp(20): warning C4244: 'argument': conversion from 'int' to 'float', possible loss of data
c:\users\austi\onedrive\documents\sdl projects\2d game engine\game\c-game\2d game engine\2d game engine\fireball.cpp(35): warning C4244: 'argument': conversion from 'int' to 'float', possible loss of data
  GUI.cpp
c:\users\austi\onedrive\documents\sdl projects\2d game engine\game\c-game\2d game engine\2d game engine\camera.h(31): warning C4091: 'static ': ignored on left of 'Camera::Mode' when no variable is declared
c:\users\austi\onedrive\documents\sdl projects\2d game engine\game\c-game\2d game engine\2d game engine\gui.cpp(28): warning C4018: '<': signed/unsigned mismatch
c:\users\austi\onedrive\documents\sdl projects\2d game engine\game\c-game\2d game engine\2d game engine\gui.cpp(96): warning C4244: '=': conversion from 'float' to 'int', possible loss of data
c:\users\austi\onedrive\documents\sdl projects\2d game engine\game\c-game\2d game engine\2d game engine\gui.cpp(97): warning C4244: '=': conversion from 'float' to 'int', possible loss of data
c:\users\austi\onedrive\documents\sdl projects\2d game engine\game\c-game\2d game engine\2d game engine\gui.cpp(98): warning C4244: '=': conversion from 'float' to 'int', possible loss of data
c:\users\austi\onedrive\documents\sdl projects\2d game engine\game\c-game\2d game engine\2d game engine\gui.cpp(99): warning C4244: '=': conversion from 'float' to 'int', possible loss of data
c:\users\austi\onedrive\documents\sdl projects\2d game engine\game\c-game\2d game engine\2d game engine\gui.cpp(104): warning C4018: '<': signed/unsigned mismatch
  Game.cpp
c:\users\austi\onedrive\documents\sdl projects\2d game engine\game\c-game\2d game engine\2d game engine\camera.h(31): warning C4091: 'static ': ignored on left of 'Camera::Mode' when no variable is declared
c:\users\austi\onedrive\documents\sdl projects\2d game engine\game\c-game\2d game engine\2d game engine\game.cpp(52): warning C4244: 'argument': conversion from 'int' to 'float', possible loss of data
  GameObject.cpp
c:\users\austi\onedrive\documents\sdl projects\2d game engine\game\c-game\2d game engine\2d game engine\camera.h(31): warning C4091: 'static ': ignored on left of 'Camera::Mode' when no variable is declared
  GameOverScreen.cpp
c:\users\austi\onedrive\documents\sdl projects\2d game engine\game\c-game\2d game engine\2d game engine\camera.h(31): warning C4091: 'static ': ignored on left of 'Camera::Mode' when no variable is declared
c:\users\austi\onedrive\documents\sdl projects\2d game engine\game\c-game\2d game engine\2d game engine\gameoverscreen.cpp(16): warning C4244: 'argument': conversion from 'int' to 'float', possible loss of data
c:\users\austi\onedrive\documents\sdl projects\2d game engine\game\c-game\2d game engine\2d game engine\gameoverscreen.cpp(17): warning C4244: 'argument': conversion from 'int' to 'float', possible loss of data
  Heart.cpp
c:\users\austi\onedrive\documents\sdl projects\2d game engine\game\c-game\2d game engine\2d game engine\camera.h(31): warning C4091: 'static ': ignored on left of 'Camera::Mode' when no variable is declared
c:\users\austi\onedrive\documents\sdl projects\2d game engine\game\c-game\2d game engine\2d game engine\heart.cpp(22): warning C4244: 'argument': conversion from 'int' to 'float', possible loss of data
c:\users\austi\onedrive\documents\sdl projects\2d game engine\game\c-game\2d game engine\2d game engine\heart.cpp(23): warning C4244: 'argument': conversion from 'int' to 'float', possible loss of data
  ImageTile.cpp
c:\users\austi\onedrive\documents\sdl projects\2d game engine\game\c-game\2d game engine\2d game engine\camera.h(31): warning C4091: 'static ': ignored on left of 'Camera::Mode' when no variable is declared
c:\users\austi\onedrive\documents\sdl projects\2d game engine\game\c-game\2d game engine\2d game engine\imagetile.cpp(10): warning C4244: '=': conversion from 'float' to 'int', possible loss of data
c:\users\austi\onedrive\documents\sdl projects\2d game engine\game\c-game\2d game engine\2d game engine\imagetile.cpp(11): warning C4244: '=': conversion from 'float' to 'int', possible loss of data
c:\users\austi\onedrive\documents\sdl projects\2d game engine\game\c-game\2d game engine\2d game engine\imagetile.cpp(15): warning C4244: '=': conversion from 'float' to 'int', possible loss of data
c:\users\austi\onedrive\documents\sdl projects\2d game engine\game\c-game\2d game engine\2d game engine\imagetile.cpp(16): warning C4244: '=': conversion from 'float' to 'int', possible loss of data
  Generating Code...
  Compiling...
  Item.cpp
c:\users\austi\onedrive\documents\sdl projects\2d game engine\game\c-game\2d game engine\2d game engine\camera.h(31): warning C4091: 'static ': ignored on left of 'Camera::Mode' when no variable is declared
  ItemObject.cpp
c:\users\austi\onedrive\documents\sdl projects\2d game engine\game\c-game\2d game engine\2d game engine\camera.h(31): warning C4091: 'static ': ignored on left of 'Camera::Mode' when no variable is declared
  LevelManager.cpp
c:\users\austi\onedrive\documents\sdl projects\2d game engine\game\c-game\2d game engine\2d game engine\camera.h(31): warning C4091: 'static ': ignored on left of 'Camera::Mode' when no variable is declared
c:\users\austi\onedrive\documents\sdl projects\2d game engine\game\c-game\2d game engine\2d game engine\levelmanager.cpp(33): warning C4018: '<': signed/unsigned mismatch
c:\users\austi\onedrive\documents\sdl projects\2d game engine\game\c-game\2d game engine\2d game engine\levelmanager.cpp(35): warning C4018: '<': signed/unsigned mismatch
c:\users\austi\onedrive\documents\sdl projects\2d game engine\game\c-game\2d game engine\2d game engine\levelmanager.cpp(37): warning C4018: '<': signed/unsigned mismatch
c:\users\austi\onedrive\documents\sdl projects\2d game engine\game\c-game\2d game engine\2d game engine\levelmanager.cpp(43): warning C4244: 'argument': conversion from 'time_t' to 'int', possible loss of data
c:\users\austi\onedrive\documents\sdl projects\2d game engine\game\c-game\2d game engine\2d game engine\levelmanager.cpp(110): warning C4018: '<': signed/unsigned mismatch
  MarkOfHunger.cpp
c:\users\austi\onedrive\documents\sdl projects\2d game engine\game\c-game\2d game engine\2d game engine\camera.h(31): warning C4091: 'static ': ignored on left of 'Camera::Mode' when no variable is declared
c:\users\austi\onedrive\documents\sdl projects\2d game engine\game\c-game\2d game engine\2d game engine\markofhunger.cpp(16): warning C4244: 'argument': conversion from 'int' to 'float', possible loss of data
c:\users\austi\onedrive\documents\sdl projects\2d game engine\game\c-game\2d game engine\2d game engine\markofhunger.cpp(17): warning C4244: 'argument': conversion from 'int' to 'float', possible loss of data
  MenuState.cpp
c:\users\austi\onedrive\documents\sdl projects\2d game engine\game\c-game\2d game engine\2d game engine\camera.h(31): warning C4091: 'static ': ignored on left of 'Camera::Mode' when no variable is declared
c:\users\austi\onedrive\documents\sdl projects\2d game engine\game\c-game\2d game engine\2d game engine\menustate.cpp(17): warning C4244: 'argument': conversion from 'int' to 'float', possible loss of data
c:\users\austi\onedrive\documents\sdl projects\2d game engine\game\c-game\2d game engine\2d game engine\menustate.cpp(18): warning C4244: 'argument': conversion from 'int' to 'float', possible loss of data
  Particle.cpp
c:\users\austi\onedrive\documents\sdl projects\2d game engine\game\c-game\2d game engine\2d game engine\camera.h(31): warning C4091: 'static ': ignored on left of 'Camera::Mode' when no variable is declared
c:\users\austi\onedrive\documents\sdl projects\2d game engine\game\c-game\2d game engine\2d game engine\particle.cpp(4): warning C4244: 'argument': conversion from 'float' to 'int', possible loss of data
c:\users\austi\onedrive\documents\sdl projects\2d game engine\game\c-game\2d game engine\2d game engine\particle.cpp(22): warning C4244: 'argument': conversion from 'float' to 'int', possible loss of data
c:\users\austi\onedrive\documents\sdl projects\2d game engine\game\c-game\2d game engine\2d game engine\particle.cpp(24): warning C4244: '=': conversion from 'int' to 'float', possible loss of data
c:\users\austi\onedrive\documents\sdl projects\2d game engine\game\c-game\2d game engine\2d game engine\particle.cpp(25): warning C4244: '=': conversion from 'int' to 'float', possible loss of data
c:\users\austi\onedrive\documents\sdl projects\2d game engine\game\c-game\2d game engine\2d game engine\particle.cpp(51): warning C4244: 'argument': conversion from 'float' to 'Uint8', possible loss of data
c:\users\austi\onedrive\documents\sdl projects\2d game engine\game\c-game\2d game engine\2d game engine\particle.cpp(65): warning C4244: 'argument': conversion from 'float' to 'int', possible loss of data
c:\users\austi\onedrive\documents\sdl projects\2d game engine\game\c-game\2d game engine\2d game engine\particle.cpp(64): warning C4244: 'argument': conversion from 'float' to 'int', possible loss of data
  Platform.cpp
c:\users\austi\onedrive\documents\sdl projects\2d game engine\game\c-game\2d game engine\2d game engine\camera.h(31): warning C4091: 'static ': ignored on left of 'Camera::Mode' when no variable is declared
c:\users\austi\onedrive\documents\sdl projects\2d game engine\game\c-game\2d game engine\2d game engine\platform.cpp(19): warning C4244: '=': conversion from 'float' to 'int', possible loss of data
c:\users\austi\onedrive\documents\sdl projects\2d game engine\game\c-game\2d game engine\2d game engine\platform.cpp(30): warning C4244: '+=': conversion from 'float' to 'int', possible loss of data
c:\users\austi\onedrive\documents\sdl projects\2d game engine\game\c-game\2d game engine\2d game engine\platform.cpp(32): warning C4244: '-=': conversion from 'float' to 'int', possible loss of data
c:\users\austi\onedrive\documents\sdl projects\2d game engine\game\c-game\2d game engine\2d game engine\platform.cpp(33): warning C4244: '+=': conversion from 'float' to 'int', possible loss of data
  PlayButton.cpp
c:\users\austi\onedrive\documents\sdl projects\2d game engine\game\c-game\2d game engine\2d game engine\camera.h(31): warning C4091: 'static ': ignored on left of 'Camera::Mode' when no variable is declared
  Player.cpp
c:\users\austi\onedrive\documents\sdl projects\2d game engine\game\c-game\2d game engine\2d game engine\camera.h(31): warning C4091: 'static ': ignored on left of 'Camera::Mode' when no variable is declared
c:\users\austi\onedrive\documents\sdl projects\2d game engine\game\c-game\2d game engine\2d game engine\player.cpp(127): warning C4244: 'argument': conversion from 'float' to 'int', possible loss of data
c:\users\austi\onedrive\documents\sdl projects\2d game engine\game\c-game\2d game engine\2d game engine\player.cpp(166): warning C4244: '=': conversion from 'int' to 'float', possible loss of data
  Pot.cpp
c:\users\austi\onedrive\documents\sdl projects\2d game engine\game\c-game\2d game engine\2d game engine\camera.h(31): warning C4091: 'static ': ignored on left of 'Camera::Mode' when no variable is declared
c:\users\austi\onedrive\documents\sdl projects\2d game engine\game\c-game\2d game engine\2d game engine\pot.cpp(29): warning C4244: 'argument': conversion from 'float' to 'int', possible loss of data
  Projectile.cpp
c:\users\austi\onedrive\documents\sdl projects\2d game engine\game\c-game\2d game engine\2d game engine\camera.h(31): warning C4091: 'static ': ignored on left of 'Camera::Mode' when no variable is declared
  RestartButton.cpp
c:\users\austi\onedrive\documents\sdl projects\2d game engine\game\c-game\2d game engine\2d game engine\camera.h(31): warning C4091: 'static ': ignored on left of 'Camera::Mode' when no variable is declared
  Room.cpp
c:\users\austi\onedrive\documents\sdl projects\2d game engine\game\c-game\2d game engine\2d game engine\camera.h(31): warning C4091: 'static ': ignored on left of 'Camera::Mode' when no variable is declared
c:\users\austi\onedrive\documents\sdl projects\2d game engine\game\c-game\2d game engine\2d game engine\room.cpp(33): warning C4244: 'argument': conversion from 'int' to 'float', possible loss of data
c:\users\austi\onedrive\documents\sdl projects\2d game engine\game\c-game\2d game engine\2d game engine\room.cpp(40): warning C4244: 'argument': conversion from 'int' to 'float', possible loss of data
c:\users\austi\onedrive\documents\sdl projects\2d game engine\game\c-game\2d game engine\2d game engine\room.cpp(110): warning C4018: '<': signed/unsigned mismatch
c:\users\austi\onedrive\documents\sdl projects\2d game engine\game\c-game\2d game engine\2d game engine\room.cpp(112): warning C4018: '<': signed/unsigned mismatch
c:\users\austi\onedrive\documents\sdl projects\2d game engine\game\c-game\2d game engine\2d game engine\room.cpp(138): warning C4018: '<': signed/unsigned mismatch
c:\users\austi\onedrive\documents\sdl projects\2d game engine\game\c-game\2d game engine\2d game engine\room.cpp(185): warning C4244: 'return': conversion from 'int' to 'float', possible loss of data
c:\users\austi\onedrive\documents\sdl projects\2d game engine\game\c-game\2d game engine\2d game engine\room.cpp(191): warning C4244: 'return': conversion from 'int' to 'float', possible loss of data
  Slime.cpp
c:\users\austi\onedrive\documents\sdl projects\2d game engine\game\c-game\2d game engine\2d game engine\camera.h(31): warning C4091: 'static ': ignored on left of 'Camera::Mode' when no variable is declared
c:\users\austi\onedrive\documents\sdl projects\2d game engine\game\c-game\2d game engine\2d game engine\slime.cpp(3): warning C4244: 'argument': conversion from 'int' to 'float', possible loss of data
c:\users\austi\onedrive\documents\sdl projects\2d game engine\game\c-game\2d game engine\2d game engine\slime.cpp(29): warning C4244: '=': conversion from 'int' to 'float', possible loss of data
  Smoke.cpp
c:\users\austi\onedrive\documents\sdl projects\2d game engine\game\c-game\2d game engine\2d game engine\camera.h(31): warning C4091: 'static ': ignored on left of 'Camera::Mode' when no variable is declared
  SoftPlatform.cpp
c:\users\austi\onedrive\documents\sdl projects\2d game engine\game\c-game\2d game engine\2d game engine\camera.h(31): warning C4091: 'static ': ignored on left of 'Camera::Mode' when no variable is declared
c:\users\austi\onedrive\documents\sdl projects\2d game engine\game\c-game\2d game engine\2d game engine\softplatform.cpp(7): warning C4244: '=': conversion from 'int' to 'float', possible loss of data
  Spike.cpp
c:\users\austi\onedrive\documents\sdl projects\2d game engine\game\c-game\2d game engine\2d game engine\camera.h(31): warning C4091: 'static ': ignored on left of 'Camera::Mode' when no variable is declared
  SpiralShell.cpp
c:\users\austi\onedrive\documents\sdl projects\2d game engine\game\c-game\2d game engine\2d game engine\camera.h(31): warning C4091: 'static ': ignored on left of 'Camera::Mode' when no variable is declared
c:\users\austi\onedrive\documents\sdl projects\2d game engine\game\c-game\2d game engine\2d game engine\spiralshell.cpp(10): warning C4244: 'argument': conversion from 'double' to 'float', possible loss of data
c:\users\austi\onedrive\documents\sdl projects\2d game engine\game\c-game\2d game engine\2d game engine\spiralshell.cpp(12): warning C4244: 'argument': conversion from 'double' to 'float', possible loss of data
  Spirit.cpp
c:\users\austi\onedrive\documents\sdl projects\2d game engine\game\c-game\2d game engine\2d game engine\camera.h(31): warning C4091: 'static ': ignored on left of 'Camera::Mode' when no variable is declared
c:\users\austi\onedrive\documents\sdl projects\2d game engine\game\c-game\2d game engine\2d game engine\spirit.cpp(15): warning C4244: '=': conversion from 'int' to 'float', possible loss of data
c:\users\austi\onedrive\documents\sdl projects\2d game engine\game\c-game\2d game engine\2d game engine\spirit.cpp(43): warning C4244: '=': conversion from 'double' to 'float', possible loss of data
c:\users\austi\onedrive\documents\sdl projects\2d game engine\game\c-game\2d game engine\2d game engine\spirit.cpp(44): warning C4244: '=': conversion from 'double' to 'float', possible loss of data
  StageDoor.cpp
c:\users\austi\onedrive\documents\sdl projects\2d game engine\game\c-game\2d game engine\2d game engine\camera.h(31): warning C4091: 'static ': ignored on left of 'Camera::Mode' when no variable is declared
  Generating Code...
  Compiling...
  StateManager.cpp
c:\users\austi\onedrive\documents\sdl projects\2d game engine\game\c-game\2d game engine\2d game engine\camera.h(31): warning C4091: 'static ': ignored on left of 'Camera::Mode' when no variable is declared
  main.cpp
c:\users\austi\onedrive\documents\sdl projects\2d game engine\game\c-game\2d game engine\2d game engine\camera.h(31): warning C4091: 'static ': ignored on left of 'Camera::Mode' when no variable is declared
  Generating Code...
  2D Game Engine.vcxproj -> C:\Users\austi\OneDrive\Documents\SDL Projects\2D Game Engine\Game\C-Game\2D Game Engine\Debug\Game.exe
